<?xml version="1.0" encoding="UTF-8"?>
<!-- Generated by org.testng.reporters.JUnitXMLReporter -->
<testsuite hostname="Nourtek-10" ignored="4" name="FunctionalTest" tests="4" failures="0" timestamp="18 Sep 2020 07:45:34 GMT" time="0.084" errors="0">
  <testcase name="@BeforeSuite reportGenerate" time="1.166" classname="GenericLibrary.BaseClass">
    <failure type="java.lang.NullPointerException">
      <![CDATA[java.lang.NullPointerException
at com.relevantcodes.extentreports.converters.TestConverter.createTestList(TestConverter.java:47)
at com.relevantcodes.extentreports.ExtentReports.<init>(ExtentReports.java:85)
at com.relevantcodes.extentreports.ExtentReports.<init>(ExtentReports.java:362)
at GenericLibrary.BaseClass.reportGenerate(BaseClass.java:42)
... Removed 21 stack frames]]>
    </failure>
  </testcase> <!-- @BeforeSuite reportGenerate -->
  <testcase name="@BeforeClass launchBrowser" time="0.0" classname="GenericLibrary.BaseClass">
    <skipped/>
  </testcase> <!-- @BeforeClass launchBrowser -->
  <testcase name="@BeforeMethod loginToApplication" time="0.0" classname="GenericLibrary.BaseClass">
    <skipped/>
  </testcase> <!-- @BeforeMethod loginToApplication -->
  <testcase name="@AfterMethod logoutFromApplication" time="0.0" classname="GenericLibrary.BaseClass">
    <skipped/>
  </testcase> <!-- @AfterMethod logoutFromApplication -->
  <testcase name="@BeforeClass launchBrowser" time="0.0" classname="GenericLibrary.BaseClass">
    <skipped/>
  </testcase> <!-- @BeforeClass launchBrowser -->
  <testcase name="@BeforeMethod loginToApplication" time="0.0" classname="GenericLibrary.BaseClass">
    <skipped/>
  </testcase> <!-- @BeforeMethod loginToApplication -->
  <testcase name="@AfterMethod logoutFromApplication" time="0.0" classname="GenericLibrary.BaseClass">
    <skipped/>
  </testcase> <!-- @AfterMethod logoutFromApplication -->
  <testcase name="@BeforeClass launchBrowser" time="0.0" classname="GenericLibrary.BaseClass">
    <skipped/>
  </testcase> <!-- @BeforeClass launchBrowser -->
  <testcase name="@BeforeMethod loginToApplication" time="0.0" classname="GenericLibrary.BaseClass">
    <skipped/>
  </testcase> <!-- @BeforeMethod loginToApplication -->
  <testcase name="@AfterMethod logoutFromApplication" time="0.0" classname="GenericLibrary.BaseClass">
    <skipped/>
  </testcase> <!-- @AfterMethod logoutFromApplication -->
  <testcase name="add_CP_Via_Project" time="0.0" classname="TestScript.AddContractor_Pkg_Via_ProjectTC">
    <skipped/>
  </testcase> <!-- add_CP_Via_Project -->
  <testcase name="add_CP_Via_Project" time="0.0" classname="TestScript.EnrollContractorWithouExcel_TC">
    <skipped/>
  </testcase> <!-- add_CP_Via_Project -->
  <testcase name="enrollContractorTest" time="0.0" classname="TestScript.EnrollContractorWithouExcel_TC">
    <skipped/>
  </testcase> <!-- enrollContractorTest -->
  <testcase name="addRequiredDocumentTest" time="0.0" classname="TestScript.Add_Required_Document_Test">
    <skipped/>
  </testcase> <!-- addRequiredDocumentTest -->
  <testcase name="@AfterSuite reportEnd" time="0.0" classname="GenericLibrary.BaseClass">
    <ignored/>
  </testcase> <!-- @AfterSuite reportEnd -->
  <testcase name="@AfterSuite reportEnd" time="0.0" classname="GenericLibrary.BaseClass">
    <ignored/>
  </testcase> <!-- @AfterSuite reportEnd -->
  <testcase name="@BeforeSuite reportGenerate" time="0.0" classname="GenericLibrary.BaseClass">
    <ignored/>
  </testcase> <!-- @BeforeSuite reportGenerate -->
  <testcase name="@BeforeSuite reportGenerate" time="0.0" classname="GenericLibrary.BaseClass">
    <ignored/>
  </testcase> <!-- @BeforeSuite reportGenerate -->
</testsuite> <!-- FunctionalTest -->
